<?xml version="1.0" encoding="UTF-8"?>
<testng-results skipped="0" failed="0" total="1" passed="1">
  <reporter-output>
  </reporter-output>
  <suite name="Default suite" duration-ms="17805" started-at="2019-04-17T07:40:53Z" finished-at="2019-04-17T07:41:11Z">
    <groups>
    </groups>
    <test name="Default test" duration-ms="17805" started-at="2019-04-17T07:40:53Z" finished-at="2019-04-17T07:41:11Z">
      <class name="test1.NewTest2">
        <test-method status="PASS" signature="beforeMethod()[pri:0, instance:test1.NewTest2@28feb3fa]" name="beforeMethod" is-config="true" duration-ms="13002" started-at="2019-04-17T13:10:53Z" finished-at="2019-04-17T13:11:06Z">
          <reporter-output>
          </reporter-output>
        </test-method> <!-- beforeMethod -->
        <test-method status="PASS" signature="Login()[pri:0, instance:test1.NewTest2@28feb3fa]" name="Login" duration-ms="4629" started-at="2019-04-17T13:11:06Z" finished-at="2019-04-17T13:11:11Z">
          <reporter-output>
          </reporter-output>
        </test-method> <!-- Login -->
        <test-method status="PASS" signature="afterMethod()[pri:0, instance:test1.NewTest2@28feb3fa]" name="afterMethod" is-config="true" duration-ms="145" started-at="2019-04-17T13:11:11Z" finished-at="2019-04-17T13:11:11Z">
          <reporter-output>
          </reporter-output>
        </test-method> <!-- afterMethod -->
      </class> <!-- test1.NewTest2 -->
    </test> <!-- Default test -->
  </suite> <!-- Default suite -->
</testng-results>
